<?xml version="1.0" encoding="UTF-8" ?>
<testsuite tests="2" failures="2" name="ec.edu.espe.shopinventory_v2.model.PrincipalUserTest" time="0.01" errors="0" skipped="0">
  <properties>
[...]
</properties>
  <testcase classname="ec.edu.espe.shopinventory_v2.model.PrincipalUserTest" name="ec.edu.espe.shopinventory_v2.model.PrincipalUserTest.testGetInstance" time="0.01">
    <failure message="expected: &lt;null&gt; but was: &lt;ec.edu.espe.shopinventory_v2.model.PrincipalUser@3fb4f649&gt;" type="org.opentest4j.AssertionFailedError">org.opentest4j.AssertionFailedError: expected: &lt;null&gt; but was: &lt;ec.edu.espe.shopinventory_v2.model.PrincipalUser@3fb4f649&gt;
	at org.junit.jupiter.api.AssertionUtils.fail(AssertionUtils.java:55)
	at org.junit.jupiter.api.AssertionUtils.failNotEqual(AssertionUtils.java:62)
	at org.junit.jupiter.api.AssertEquals.assertEquals(AssertEquals.java:182)
	at org.junit.jupiter.api.AssertEquals.assertEquals(AssertEquals.java:177)
	at org.junit.jupiter.api.Assertions.assertEquals(Assertions.java:1124)
	at ec.edu.espe.shopinventory_v2.model.PrincipalUserTest.testGetInstance(PrincipalUserTest.java:47)
</failure>
    <system-out>getInstance
</system-out>
  </testcase>
  <testcase classname="ec.edu.espe.shopinventory_v2.model.PrincipalUserTest" name="ec.edu.espe.shopinventory_v2.model.PrincipalUserTest.testGetPassword" time="0">
    <failure message="Cannot invoke &quot;ec.edu.espe.shopinventory_v2.model.PrincipalUser.getPassword()&quot; because &quot;instance&quot; is null" type="java.lang.NullPointerException">java.lang.NullPointerException: Cannot invoke &quot;ec.edu.espe.shopinventory_v2.model.PrincipalUser.getPassword()&quot; because &quot;instance&quot; is null
	at ec.edu.espe.shopinventory_v2.model.PrincipalUserTest.testGetPassword(PrincipalUserTest.java:59)
</failure>
    <system-out>getPassword
</system-out>
  </testcase>
</testsuite>