<?xml version="1.0" encoding="UTF-8" ?>
<testsuite errors="0" failures="1" hostname="DESKTOP-UOPOSI4" name="ec.edu.espe.inclass.controller.TutorshipControllerTest" skipped="0" tests="5" time="3.77" timestamp="2023-03-01T05:27:12">
  <properties>
[...]
</properties>
  <testcase classname="ec.edu.espe.inclass.controller.TutorshipControllerTest" name="testJsonToTutorshipNoToString" time="0.195">
    <failure message="expected: ec.edu.espe.inclass.model.Tutorship&lt;Date=Wed Mar 01 00:27:12 ECT 2023, id=0, name=0, career=0, courseName=0&gt; but was: ec.edu.espe.inclass.model.Tutorship&lt;Date=Wed Mar 01 00:27:12 ECT 2023, id=0, name=0, career=0, courseName=0&gt;" type="junit.framework.AssertionFailedError">junit.framework.AssertionFailedError: expected: ec.edu.espe.inclass.model.Tutorship&lt;Date=Wed Mar 01 00:27:12 ECT 2023, id=0, name=0, career=0, courseName=0&gt; but was: ec.edu.espe.inclass.model.Tutorship&lt;Date=Wed Mar 01 00:27:12 ECT 2023, id=0, name=0, career=0, courseName=0&gt;
	at ec.edu.espe.inclass.controller.TutorshipControllerTest.testJsonToTutorshipNoToString(TutorshipControllerTest.java:91)
	at java.base/jdk.internal.reflect.DirectMethodHandleAccessor.invoke(DirectMethodHandleAccessor.java:104)
</failure>
  </testcase>
  <testcase classname="ec.edu.espe.inclass.controller.TutorshipControllerTest" name="testLoadTutorshipsConnectedMongoDB" time="3.379" />
  <testcase classname="ec.edu.espe.inclass.controller.TutorshipControllerTest" name="testJsonToTutorship" time="0.002" />
  <testcase classname="ec.edu.espe.inclass.controller.TutorshipControllerTest" name="testLoadTutorships" time="0.002" />
  <testcase classname="ec.edu.espe.inclass.controller.TutorshipControllerTest" name="testJsonToTutorshipNull" time="0.001" />
  <system-out><![CDATA[jsonToTutorship
loadTutorships
Connected successfully to server.
jsonToTutorship
loadTutorships
jsonToTutorship
]]></system-out>
  <system-err><![CDATA[Mar 01, 2023 12:27:12 AM com.mongodb.internal.diagnostics.logging.Loggers shouldUseSLF4J
WARNING: SLF4J not found on the classpath.  Logging is disabled for the 'org.mongodb.driver' component
]]></system-err>
</testsuite>
