<?xml version="1.0" encoding="UTF-8" ?>
<testsuite errors="1" failures="15" hostname="Drouet-lmL" name="ec.edu.espe.inclass.controller.CourseControllerTest" skipped="0" tests="30" time="9.271" timestamp="2023-03-01T04:02:04">
  <properties>
[...]
</properties>
  <testcase classname="ec.edu.espe.inclass.controller.CourseControllerTest" name="testFindCourseNrcWrong" time="0.004" />
  <testcase classname="ec.edu.espe.inclass.controller.CourseControllerTest" name="testJsonToCourseJsonEmpty" time="0.058" />
  <testcase classname="ec.edu.espe.inclass.controller.CourseControllerTest" name="testJsonToCourseJsonWrong" time="0.024" />
  <testcase classname="ec.edu.espe.inclass.controller.CourseControllerTest" name="testLoadCoursesJsonEmpty2" time="0.007">
    <failure message="expected:&lt;null&gt; but was:&lt;[null, null]&gt;" type="junit.framework.AssertionFailedError">junit.framework.AssertionFailedError: expected:&lt;null&gt; but was:&lt;[null, null]&gt;
	at ec.edu.espe.inclass.controller.CourseControllerTest.testLoadCoursesJsonEmpty2(CourseControllerTest.java:137)
	at java.base/jdk.internal.reflect.NativeMethodAccessorImpl.invoke0(Native Method)
	at java.base/jdk.internal.reflect.NativeMethodAccessorImpl.invoke(NativeMethodAccessorImpl.java:77)
	at java.base/jdk.internal.reflect.DelegatingMethodAccessorImpl.invoke(DelegatingMethodAccessorImpl.java:43)
</failure>
  </testcase>
  <testcase classname="ec.edu.espe.inclass.controller.CourseControllerTest" name="testRemoveCourseNoConnectionWrongData" time="0.003" />
  <testcase classname="ec.edu.espe.inclass.controller.CourseControllerTest" name="testLoadCoursesJsonWrong2" time="0.008">
    <failure message="expected:&lt;null&gt; but was:&lt;[Course{name=math, nrc=0}]&gt;" type="junit.framework.AssertionFailedError">junit.framework.AssertionFailedError: expected:&lt;null&gt; but was:&lt;[Course{name=math, nrc=0}]&gt;
	at ec.edu.espe.inclass.controller.CourseControllerTest.testLoadCoursesJsonWrong2(CourseControllerTest.java:163)
	at java.base/jdk.internal.reflect.NativeMethodAccessorImpl.invoke0(Native Method)
	at java.base/jdk.internal.reflect.NativeMethodAccessorImpl.invoke(NativeMethodAccessorImpl.java:77)
	at java.base/jdk.internal.reflect.DelegatingMethodAccessorImpl.invoke(DelegatingMethodAccessorImpl.java:43)
</failure>
  </testcase>
  <testcase classname="ec.edu.espe.inclass.controller.CourseControllerTest" name="testFindCourseNrc" time="0.001" />
  <testcase classname="ec.edu.espe.inclass.controller.CourseControllerTest" name="testJsonToCourseJsonWrong2" time="0.003">
    <failure message="expected:&lt;null&gt; but was:&lt;Course{name=math, nrc=0}&gt;" type="junit.framework.AssertionFailedError">junit.framework.AssertionFailedError: expected:&lt;null&gt; but was:&lt;Course{name=math, nrc=0}&gt;
	at ec.edu.espe.inclass.controller.CourseControllerTest.testJsonToCourseJsonWrong2(CourseControllerTest.java:211)
	at java.base/jdk.internal.reflect.NativeMethodAccessorImpl.invoke0(Native Method)
	at java.base/jdk.internal.reflect.NativeMethodAccessorImpl.invoke(NativeMethodAccessorImpl.java:77)
	at java.base/jdk.internal.reflect.DelegatingMethodAccessorImpl.invoke(DelegatingMethodAccessorImpl.java:43)
</failure>
  </testcase>
  <testcase classname="ec.edu.espe.inclass.controller.CourseControllerTest" name="testLoadCourses" time="0.002">
    <error message="Cannot invoke &quot;java.util.ArrayList.iterator()&quot; because &quot;jsons&quot; is null" type="java.lang.NullPointerException">java.lang.NullPointerException: Cannot invoke &quot;java.util.ArrayList.iterator()&quot; because &quot;jsons&quot; is null
	at ec.edu.espe.inclass.controller.CourseController.loadCourses(CourseController.java:38)
	at ec.edu.espe.inclass.controller.CourseControllerTest.testLoadCourses(CourseControllerTest.java:109)
	at java.base/jdk.internal.reflect.NativeMethodAccessorImpl.invoke0(Native Method)
	at java.base/jdk.internal.reflect.NativeMethodAccessorImpl.invoke(NativeMethodAccessorImpl.java:77)
	at java.base/jdk.internal.reflect.DelegatingMethodAccessorImpl.invoke(DelegatingMethodAccessorImpl.java:43)
</error>
  </testcase>
  <testcase classname="ec.edu.espe.inclass.controller.CourseControllerTest" name="testFindSomeCourseWrong" time="0.001">
    <failure message="expected:&lt;-1&gt; but was:&lt;2&gt;" type="junit.framework.AssertionFailedError">junit.framework.AssertionFailedError: expected:&lt;-1&gt; but was:&lt;2&gt;
	at ec.edu.espe.inclass.controller.CourseControllerTest.testFindSomeCourseWrong(CourseControllerTest.java:272)
	at java.base/jdk.internal.reflect.NativeMethodAccessorImpl.invoke0(Native Method)
	at java.base/jdk.internal.reflect.NativeMethodAccessorImpl.invoke(NativeMethodAccessorImpl.java:77)
	at java.base/jdk.internal.reflect.DelegatingMethodAccessorImpl.invoke(DelegatingMethodAccessorImpl.java:43)
</failure>
  </testcase>
  <testcase classname="ec.edu.espe.inclass.controller.CourseControllerTest" name="testFindSomeCourseWrong2" time="0.002">
    <failure message="expected:&lt;-1&gt; but was:&lt;2&gt;" type="junit.framework.AssertionFailedError">junit.framework.AssertionFailedError: expected:&lt;-1&gt; but was:&lt;2&gt;
	at ec.edu.espe.inclass.controller.CourseControllerTest.testFindSomeCourseWrong2(CourseControllerTest.java:288)
	at java.base/jdk.internal.reflect.NativeMethodAccessorImpl.invoke0(Native Method)
	at java.base/jdk.internal.reflect.NativeMethodAccessorImpl.invoke(NativeMethodAccessorImpl.java:77)
	at java.base/jdk.internal.reflect.DelegatingMethodAccessorImpl.invoke(DelegatingMethodAccessorImpl.java:43)
</failure>
  </testcase>
  <testcase classname="ec.edu.espe.inclass.controller.CourseControllerTest" name="testFindCourseNull" time="0.0" />
  <testcase classname="ec.edu.espe.inclass.controller.CourseControllerTest" name="testFindCourseWrong1" time="0.001">
    <failure message="expected:&lt;-1&gt; but was:&lt;1&gt;" type="junit.framework.AssertionFailedError">junit.framework.AssertionFailedError: expected:&lt;-1&gt; but was:&lt;1&gt;
	at ec.edu.espe.inclass.controller.CourseControllerTest.testFindCourseWrong1(CourseControllerTest.java:240)
	at java.base/jdk.internal.reflect.NativeMethodAccessorImpl.invoke0(Native Method)
	at java.base/jdk.internal.reflect.NativeMethodAccessorImpl.invoke(NativeMethodAccessorImpl.java:77)
	at java.base/jdk.internal.reflect.DelegatingMethodAccessorImpl.invoke(DelegatingMethodAccessorImpl.java:43)
</failure>
  </testcase>
  <testcase classname="ec.edu.espe.inclass.controller.CourseControllerTest" name="testFindCourseWrong2" time="0.002">
    <failure message="expected:&lt;-1&gt; but was:&lt;1&gt;" type="junit.framework.AssertionFailedError">junit.framework.AssertionFailedError: expected:&lt;-1&gt; but was:&lt;1&gt;
	at ec.edu.espe.inclass.controller.CourseControllerTest.testFindCourseWrong2(CourseControllerTest.java:256)
	at java.base/jdk.internal.reflect.NativeMethodAccessorImpl.invoke0(Native Method)
	at java.base/jdk.internal.reflect.NativeMethodAccessorImpl.invoke(NativeMethodAccessorImpl.java:77)
	at java.base/jdk.internal.reflect.DelegatingMethodAccessorImpl.invoke(DelegatingMethodAccessorImpl.java:43)
</failure>
  </testcase>
  <testcase classname="ec.edu.espe.inclass.controller.CourseControllerTest" name="testLoadCoursesJsonEmpty" time="0.001">
    <failure message="expected:&lt;null&gt; but was:&lt;[null]&gt;" type="junit.framework.AssertionFailedError">junit.framework.AssertionFailedError: expected:&lt;null&gt; but was:&lt;[null]&gt;
	at ec.edu.espe.inclass.controller.CourseControllerTest.testLoadCoursesJsonEmpty(CourseControllerTest.java:123)
	at java.base/jdk.internal.reflect.NativeMethodAccessorImpl.invoke0(Native Method)
	at java.base/jdk.internal.reflect.NativeMethodAccessorImpl.invoke(NativeMethodAccessorImpl.java:77)
	at java.base/jdk.internal.reflect.DelegatingMethodAccessorImpl.invoke(DelegatingMethodAccessorImpl.java:43)
</failure>
  </testcase>
  <testcase classname="ec.edu.espe.inclass.controller.CourseControllerTest" name="testLoadCoursesJsonWrong" time="0.002">
    <failure message="expected:&lt;null&gt; but was:&lt;[null]&gt;" type="junit.framework.AssertionFailedError">junit.framework.AssertionFailedError: expected:&lt;null&gt; but was:&lt;[null]&gt;
	at ec.edu.espe.inclass.controller.CourseControllerTest.testLoadCoursesJsonWrong(CourseControllerTest.java:150)
	at java.base/jdk.internal.reflect.NativeMethodAccessorImpl.invoke0(Native Method)
	at java.base/jdk.internal.reflect.NativeMethodAccessorImpl.invoke(NativeMethodAccessorImpl.java:77)
	at java.base/jdk.internal.reflect.DelegatingMethodAccessorImpl.invoke(DelegatingMethodAccessorImpl.java:43)
</failure>
  </testcase>
  <testcase classname="ec.edu.espe.inclass.controller.CourseControllerTest" name="testRemoveCourseNoConnectionOKData" time="0.001" />
  <testcase classname="ec.edu.espe.inclass.controller.CourseControllerTest" name="testRemoveCourseMongoConnectionWrongData2" time="4.176" />
  <testcase classname="ec.edu.espe.inclass.controller.CourseControllerTest" name="testFindSomeCourseOK" time="0.0" />
  <testcase classname="ec.edu.espe.inclass.controller.CourseControllerTest" name="testFindCourseNoNrc" time="0.0" />
  <testcase classname="ec.edu.espe.inclass.controller.CourseControllerTest" name="testCourseToJsonForDBCourseWrong1" time="0.018">
    <failure message="expected:&lt;[]&gt; but was:&lt;[{&quot;name&quot;:&quot;prueba&quot;,&quot;nrc&quot;:-10}]&gt;" type="junit.framework.AssertionFailedError">junit.framework.AssertionFailedError: expected:&lt;[]&gt; but was:&lt;[{&quot;name&quot;:&quot;prueba&quot;,&quot;nrc&quot;:-10}]&gt;
	at ec.edu.espe.inclass.controller.CourseControllerTest.testCourseToJsonForDBCourseWrong1(CourseControllerTest.java:38)
	at java.base/jdk.internal.reflect.NativeMethodAccessorImpl.invoke0(Native Method)
	at java.base/jdk.internal.reflect.NativeMethodAccessorImpl.invoke(NativeMethodAccessorImpl.java:77)
	at java.base/jdk.internal.reflect.DelegatingMethodAccessorImpl.invoke(DelegatingMethodAccessorImpl.java:43)
</failure>
  </testcase>
  <testcase classname="ec.edu.espe.inclass.controller.CourseControllerTest" name="testCourseToJsonForDBCourseWrong2" time="0.001">
    <failure message="expected:&lt;[]&gt; but was:&lt;[{&quot;name&quot;:&quot;&quot;,&quot;nrc&quot;:-10}]&gt;" type="junit.framework.AssertionFailedError">junit.framework.AssertionFailedError: expected:&lt;[]&gt; but was:&lt;[{&quot;name&quot;:&quot;&quot;,&quot;nrc&quot;:-10}]&gt;
	at ec.edu.espe.inclass.controller.CourseControllerTest.testCourseToJsonForDBCourseWrong2(CourseControllerTest.java:50)
	at java.base/jdk.internal.reflect.NativeMethodAccessorImpl.invoke0(Native Method)
	at java.base/jdk.internal.reflect.NativeMethodAccessorImpl.invoke(NativeMethodAccessorImpl.java:77)
	at java.base/jdk.internal.reflect.DelegatingMethodAccessorImpl.invoke(DelegatingMethodAccessorImpl.java:43)
</failure>
  </testcase>
  <testcase classname="ec.edu.espe.inclass.controller.CourseControllerTest" name="testCourseToJsonForDBCourseWrong3" time="0.003">
    <failure message="expected:&lt;[]&gt; but was:&lt;[{&quot;name&quot;:&quot;&quot;,&quot;nrc&quot;:1054}]&gt;" type="junit.framework.AssertionFailedError">junit.framework.AssertionFailedError: expected:&lt;[]&gt; but was:&lt;[{&quot;name&quot;:&quot;&quot;,&quot;nrc&quot;:1054}]&gt;
	at ec.edu.espe.inclass.controller.CourseControllerTest.testCourseToJsonForDBCourseWrong3(CourseControllerTest.java:62)
	at java.base/jdk.internal.reflect.NativeMethodAccessorImpl.invoke0(Native Method)
	at java.base/jdk.internal.reflect.NativeMethodAccessorImpl.invoke(NativeMethodAccessorImpl.java:77)
	at java.base/jdk.internal.reflect.DelegatingMethodAccessorImpl.invoke(DelegatingMethodAccessorImpl.java:43)
</failure>
  </testcase>
  <testcase classname="ec.edu.espe.inclass.controller.CourseControllerTest" name="testCourseToJsonForDBCourseWrong4" time="0.001">
    <failure message="expected:&lt;[]&gt; but was:&lt;[{&quot;name&quot;:&quot;&quot;,&quot;nrc&quot;:1054464698}]&gt;" type="junit.framework.AssertionFailedError">junit.framework.AssertionFailedError: expected:&lt;[]&gt; but was:&lt;[{&quot;name&quot;:&quot;&quot;,&quot;nrc&quot;:1054464698}]&gt;
	at ec.edu.espe.inclass.controller.CourseControllerTest.testCourseToJsonForDBCourseWrong4(CourseControllerTest.java:74)
	at java.base/jdk.internal.reflect.NativeMethodAccessorImpl.invoke0(Native Method)
	at java.base/jdk.internal.reflect.NativeMethodAccessorImpl.invoke(NativeMethodAccessorImpl.java:77)
	at java.base/jdk.internal.reflect.DelegatingMethodAccessorImpl.invoke(DelegatingMethodAccessorImpl.java:43)
</failure>
  </testcase>
  <testcase classname="ec.edu.espe.inclass.controller.CourseControllerTest" name="testCourseToJsonForDBCourseWrong5" time="0.001">
    <failure message="expected:&lt;[]&gt; but was:&lt;[{&quot;name&quot;:&quot;this is a text to long, with this can test de function and the name of the course validation&quot;,&quot;nrc&quot;:125}]&gt;" type="junit.framework.AssertionFailedError">junit.framework.AssertionFailedError: expected:&lt;[]&gt; but was:&lt;[{&quot;name&quot;:&quot;this is a text to long, with this can test de function and the name of the course validation&quot;,&quot;nrc&quot;:125}]&gt;
	at ec.edu.espe.inclass.controller.CourseControllerTest.testCourseToJsonForDBCourseWrong5(CourseControllerTest.java:86)
	at java.base/jdk.internal.reflect.NativeMethodAccessorImpl.invoke0(Native Method)
	at java.base/jdk.internal.reflect.NativeMethodAccessorImpl.invoke(NativeMethodAccessorImpl.java:77)
	at java.base/jdk.internal.reflect.DelegatingMethodAccessorImpl.invoke(DelegatingMethodAccessorImpl.java:43)
</failure>
  </testcase>
  <testcase classname="ec.edu.espe.inclass.controller.CourseControllerTest" name="testCourseToJsonForDBCourseWrong6" time="0.002">
    <failure message="expected:&lt;[]&gt; but was:&lt;[{&quot;name&quot;:&quot;this is a text to long, with this can test de function and the name of the course validation&quot;,&quot;nrc&quot;:1253563345}]&gt;" type="junit.framework.AssertionFailedError">junit.framework.AssertionFailedError: expected:&lt;[]&gt; but was:&lt;[{&quot;name&quot;:&quot;this is a text to long, with this can test de function and the name of the course validation&quot;,&quot;nrc&quot;:1253563345}]&gt;
	at ec.edu.espe.inclass.controller.CourseControllerTest.testCourseToJsonForDBCourseWrong6(CourseControllerTest.java:98)
	at java.base/jdk.internal.reflect.NativeMethodAccessorImpl.invoke0(Native Method)
	at java.base/jdk.internal.reflect.NativeMethodAccessorImpl.invoke(NativeMethodAccessorImpl.java:77)
	at java.base/jdk.internal.reflect.DelegatingMethodAccessorImpl.invoke(DelegatingMethodAccessorImpl.java:43)
</failure>
  </testcase>
  <testcase classname="ec.edu.espe.inclass.controller.CourseControllerTest" name="testCourseToJsonForDB" time="0.0" />
  <testcase classname="ec.edu.espe.inclass.controller.CourseControllerTest" name="testRemoveCourseMongoConnectionWrongData" time="2.428" />
  <testcase classname="ec.edu.espe.inclass.controller.CourseControllerTest" name="testRemoveCourseMongoConnectionOKData" time="2.351" />
  <testcase classname="ec.edu.espe.inclass.controller.CourseControllerTest" name="testJsonToCourse" time="0.001" />
  <system-out><![CDATA[findCourse
jsonToCourse
jsonToCourse
loadCourses
removeCourse
The course was not remove
loadCourses
findCourse
jsonToCourse
loadCourses
findCourse
findCourse
findCourse
findCourse
findCourse
loadCourses
loadCourses
removeCourse
The course was not remove
removeCourse
Connected successfully to server.
The course was not remove
findCourse
findCourse
courseToJsonForDB
courseToJsonForDB
courseToJsonForDB
courseToJsonForDB
courseToJsonForDB
courseToJsonForDB
courseToJsonForDB
removeCourse
Connected successfully to server.
The course was not remove
removeCourse
Connected successfully to server.
The course was not remove
jsonToCourse
]]></system-out>
  <system-err><![CDATA[feb. 28, 2023 11:02:04 P. M. com.mongodb.internal.diagnostics.logging.Loggers shouldUseSLF4J
WARNING: SLF4J not found on the classpath.  Logging is disabled for the 'org.mongodb.driver' component
]]></system-err>
</testsuite>
