<?xml version="1.0" encoding="UTF-8" ?>
<testsuite tests="4" failures="0" name="ec.edu.espe.calculator.controller.BasicOperationTest" time="0.054" errors="0" skipped="0">
  <properties>
[...]
</properties>
  <testcase classname="ec.edu.espe.calculator.controller.BasicOperationTest" name="testAdd" time="0.052"/>
  <testcase classname="ec.edu.espe.calculator.controller.BasicOperationTest" name="testSubstract" time="0"/>
  <testcase classname="ec.edu.espe.calculator.controller.BasicOperationTest" name="testDivide" time="0.001"/>
  <testcase classname="ec.edu.espe.calculator.controller.BasicOperationTest" name="testMultiply" time="0.001"/>
</testsuite>