<?xml version="1.0" encoding="UTF-8" ?>
<testsuite tests="21" failures="5" name="utils.CostsCalculatorTest" time="0.036" errors="0" skipped="0">
  <properties>
[...]
</properties>
  <testcase classname="utils.CostsCalculatorTest" name="utils.CostsCalculatorTest.testComputeMaterialsCostPerProductNoneAndDecimal" time="0.024">
    <failure message="expected: &lt;663275.75&gt; but was: &lt;663275.8&gt;" type="org.opentest4j.AssertionFailedError">org.opentest4j.AssertionFailedError: expected: &lt;663275.75&gt; but was: &lt;663275.8&gt;
	at org.junit.jupiter.api.AssertionUtils.fail(AssertionUtils.java:55)
	at org.junit.jupiter.api.AssertionUtils.failNotEqual(AssertionUtils.java:62)
	at org.junit.jupiter.api.AssertEquals.assertEquals(AssertEquals.java:118)
	at org.junit.jupiter.api.AssertEquals.assertEquals(AssertEquals.java:113)
	at org.junit.jupiter.api.Assertions.assertEquals(Assertions.java:839)
	at utils.CostsCalculatorTest.testComputeMaterialsCostPerProductNoneAndDecimal(CostsCalculatorTest.java:436)
</failure>
    <system-out>computeMaterialsCostPerProduct none decimal places
</system-out>
  </testcase>
  <testcase classname="utils.CostsCalculatorTest" name="utils.CostsCalculatorTest.testComputeMaterialUnitCostCeroForGeneralCost" time="0"/>
  <testcase classname="utils.CostsCalculatorTest" name="utils.CostsCalculatorTest.testComputeWorkingTimeCostProductUnitCostBigNumber" time="0.003">
    <failure message="expected: &lt;3.591922E7&gt; but was: &lt;3.5919216E7&gt;" type="org.opentest4j.AssertionFailedError">org.opentest4j.AssertionFailedError: expected: &lt;3.591922E7&gt; but was: &lt;3.5919216E7&gt;
	at org.junit.jupiter.api.AssertionUtils.fail(AssertionUtils.java:55)
	at org.junit.jupiter.api.AssertionUtils.failNotEqual(AssertionUtils.java:62)
	at org.junit.jupiter.api.AssertEquals.assertEquals(AssertEquals.java:118)
	at org.junit.jupiter.api.AssertEquals.assertEquals(AssertEquals.java:113)
	at org.junit.jupiter.api.Assertions.assertEquals(Assertions.java:839)
	at utils.CostsCalculatorTest.testComputeWorkingTimeCostProductUnitCostBigNumber(CostsCalculatorTest.java:280)
</failure>
    <system-out>computeWorkingTimeCostProduct with big number
</system-out>
  </testcase>
  <testcase classname="utils.CostsCalculatorTest" name="utils.CostsCalculatorTest.testComputeWorkingTimeCostProductTwoDecimal" time="0">
    <failure message="expected: &lt;0.5&gt; but was: &lt;0.53&gt;" type="org.opentest4j.AssertionFailedError">org.opentest4j.AssertionFailedError: expected: &lt;0.5&gt; but was: &lt;0.53&gt;
	at org.junit.jupiter.api.AssertionUtils.fail(AssertionUtils.java:55)
	at org.junit.jupiter.api.AssertionUtils.failNotEqual(AssertionUtils.java:62)
	at org.junit.jupiter.api.AssertEquals.assertEquals(AssertEquals.java:118)
	at org.junit.jupiter.api.AssertEquals.assertEquals(AssertEquals.java:113)
	at org.junit.jupiter.api.Assertions.assertEquals(Assertions.java:839)
	at utils.CostsCalculatorTest.testComputeWorkingTimeCostProductTwoDecimal(CostsCalculatorTest.java:194)
</failure>
    <system-out>computeWorkingTimeCostProduct with two decimal
</system-out>
  </testcase>
  <testcase classname="utils.CostsCalculatorTest" name="utils.CostsCalculatorTest.testComputeWorkingTimeCostProductNoneDecimal" time="0"/>
  <testcase classname="utils.CostsCalculatorTest" name="utils.CostsCalculatorTest.testComputeMaterialsCostPerProductTwoDecimal" time="0"/>
  <testcase classname="utils.CostsCalculatorTest" name="utils.CostsCalculatorTest.testComputeWorkingTimeCostProductCero" time="0.002"/>
  <testcase classname="utils.CostsCalculatorTest" name="utils.CostsCalculatorTest.testComputeMaterialsCostPerProductNoneDecimal" time="0"/>
  <testcase classname="utils.CostsCalculatorTest" name="utils.CostsCalculatorTest.testComputeMaterialUnitCostBigNumberToGeneralCost" time="0"/>
  <testcase classname="utils.CostsCalculatorTest" name="utils.CostsCalculatorTest.testComputeMaterialUnitCostTwoDecimalPlacesForBoth" time="0.001"/>
  <testcase classname="utils.CostsCalculatorTest" name="utils.CostsCalculatorTest.testComputeMaterialUnitCostBigNumberToGeneralQuantity" time="0.001"/>
  <testcase classname="utils.CostsCalculatorTest" name="utils.CostsCalculatorTest.testComputeWorkingTimeCostProductSmallPurePeriodicDecimals" time="0.001"/>
  <testcase classname="utils.CostsCalculatorTest" name="utils.CostsCalculatorTest.testComputeWorkingTimeCostProductLargeNumbersMixedNewspapers" time="0"/>
  <testcase classname="utils.CostsCalculatorTest" name="utils.CostsCalculatorTest.testComputeMaterialUnitCostNoneDecimalPlacesForGeneralCost" time="0"/>
  <testcase classname="utils.CostsCalculatorTest" name="utils.CostsCalculatorTest.testComputeMaterialUnitCostTwoDecimalPlacesForGeneralCost" time="0.001"/>
  <testcase classname="utils.CostsCalculatorTest" name="utils.CostsCalculatorTest.testComputeWorkingTimeCostProductTwoEqualDecimalPlaces" time="0"/>
  <testcase classname="utils.CostsCalculatorTest" name="utils.CostsCalculatorTest.testComputeMaterialsCostPerProductSameNumbers" time="0"/>
  <testcase classname="utils.CostsCalculatorTest" name="utils.CostsCalculatorTest.testComputeMaterialsCostPerProductDecimals" time="0.001"/>
  <testcase classname="utils.CostsCalculatorTest" name="utils.CostsCalculatorTest.testComputeMaterialsCostPerProductBigNumbers" time="0.001">
    <failure message="expected: &lt;663275.75&gt; but was: &lt;663275.8&gt;" type="org.opentest4j.AssertionFailedError">org.opentest4j.AssertionFailedError: expected: &lt;663275.75&gt; but was: &lt;663275.8&gt;
	at org.junit.jupiter.api.AssertionUtils.fail(AssertionUtils.java:55)
	at org.junit.jupiter.api.AssertionUtils.failNotEqual(AssertionUtils.java:62)
	at org.junit.jupiter.api.AssertEquals.assertEquals(AssertEquals.java:118)
	at org.junit.jupiter.api.AssertEquals.assertEquals(AssertEquals.java:113)
	at org.junit.jupiter.api.Assertions.assertEquals(Assertions.java:839)
	at utils.CostsCalculatorTest.testComputeMaterialsCostPerProductBigNumbers(CostsCalculatorTest.java:544)
</failure>
    <system-out>computeMaterialsCostPerProduct big numbers
</system-out>
  </testcase>
  <testcase classname="utils.CostsCalculatorTest" name="utils.CostsCalculatorTest.testComputeMaterialsCostPerProductThreeMaterials" time="0"/>
  <testcase classname="utils.CostsCalculatorTest" name="utils.CostsCalculatorTest.testComputeMaterialsCostPerProductBigAndDecimal" time="0.001">
    <failure message="expected: &lt;133358.77&gt; but was: &lt;1333358.8&gt;" type="org.opentest4j.AssertionFailedError">org.opentest4j.AssertionFailedError: expected: &lt;133358.77&gt; but was: &lt;1333358.8&gt;
	at org.junit.jupiter.api.AssertionUtils.fail(AssertionUtils.java:55)
	at org.junit.jupiter.api.AssertionUtils.failNotEqual(AssertionUtils.java:62)
	at org.junit.jupiter.api.AssertEquals.assertEquals(AssertEquals.java:118)
	at org.junit.jupiter.api.AssertEquals.assertEquals(AssertEquals.java:113)
	at org.junit.jupiter.api.Assertions.assertEquals(Assertions.java:839)
	at utils.CostsCalculatorTest.testComputeMaterialsCostPerProductBigAndDecimal(CostsCalculatorTest.java:572)
</failure>
    <system-out>computeMaterialsCostPerProduct big numbers and two decimal places
</system-out>
  </testcase>
</testsuite>